时间：2024-01-11 15:34:07,
线程Id：1,
日志级别：INFO 
对象：
描述：{"Path":"Application_Start","Parms":null,"Message":"应用程序启动初始化","ReturnData":null,"CurTime":null} 

 ----------------------------------- 

时间：2024-01-11 15:35:22,
线程Id：25,
日志级别：INFO 
对象：
描述：{"Path":"Application_End","Parms":null,"Message":"程序已释放","ReturnData":null,"CurTime":null} 

 ----------------------------------- 

时间：2024-01-11 15:45:57,
线程Id：18,
日志级别：INFO 
对象：
描述：{"Path":"Application_Start","Parms":null,"Message":"应用程序启动初始化","ReturnData":null,"CurTime":null} 

 ----------------------------------- 

时间：2024-01-11 15:50:57,
线程Id：11,
日志级别：INFO 
对象：
描述：{"Path":"MST.Web.Global","Parms":null,"Message":"操作成功","ReturnData":null,"CurTime":null} 

 ----------------------------------- 

时间：2024-01-11 15:55:57,
线程Id：32,
日志级别：INFO 
对象：
描述：{"Path":"MST.Web.Global","Parms":null,"Message":"操作成功","ReturnData":null,"CurTime":null} 

 ----------------------------------- 

时间：2024-01-11 15:58:00,
线程Id：42,
日志级别：INFO 
对象：
描述：{"Path":"Application_End","Parms":null,"Message":"程序已释放","ReturnData":null,"CurTime":null} 

 ----------------------------------- 

